<?xml version="1.0" encoding="UTF-8"?>
<!-- Generated by org.testng.reporters.JUnitReportReporter -->
<testsuite hostname="Sasikumar" failures="0" tests="3" name="sasiguidess.test.newTesting.Demo1" time="24.930" errors="0" timestamp="2023-08-30T05:21:37 IST" skipped="0">
  <testcase classname="sasiguidess.test.newTesting.Demo1" name="submitOrder" time="16.065"/>
  <system-out/>
  <testcase classname="sasiguidess.test.newTesting.Demo1" name="submitOrder" time="5.690"/>
  <system-out/>
  <testcase classname="sasiguidess.test.newTesting.Demo1" name="OrderHistroyTest" time="3.175"/>
  <system-out/>
</testsuite> <!-- sasiguidess.test.newTesting.Demo1 -->
